PuntokusApp/app/build/intermediates/manifest_merge_blame_file/debug/manifest-merger-blame-debug-report.txt
1<?xml version="1.0" encoding="utf-8"?>
2<manifest xmlns:android="http://schemas.android.com/apk/res/android"
3    xmlns:dist="http://schemas.android.com/apk/distribution"
4    package="es.iesnervion.avazquez.puntokusapp"
5    android:versionCode="2"
6    android:versionName="1.1" >
7
8    <uses-sdk
9        android:minSdkVersion="19"
9-->src/main/AndroidManifest.xml
10        android:targetSdkVersion="29" />
10-->src/main/AndroidManifest.xml
11
12    <dist:module dist:instant="true" />
12-->src/main/AndroidManifest.xml:6:5-40
12-->src/main/AndroidManifest.xml:6:18-37
13
14    <uses-permission android:name="android.permission.INTERNET" />
14-->src/main/AndroidManifest.xml:7:5-66
14-->src/main/AndroidManifest.xml:7:22-64
15    <uses-permission android:name="android.permission.ACCESS_NETWORK_STATE" />
15-->[com.google.firebase:firebase-database:16.0.4] AndroidManifest.xml:22:5-79
15-->[com.google.firebase:firebase-database:16.0.4] AndroidManifest.xml:22:22-76
16
17    <application
17-->src/main/AndroidManifest.xml:9:5-25:19
18        android:allowBackup="true"
18-->src/main/AndroidManifest.xml:10:9-35
19        android:appComponentFactory="androidx.core.app.CoreComponentFactory"
19-->[androidx.core:core:1.1.0] AndroidManifest.xml:24:18-86
20        android:debuggable="true"
21        android:icon="@mipmap/ic_launcher"
21-->src/main/AndroidManifest.xml:11:9-43
22        android:label="@string/app_name"
22-->src/main/AndroidManifest.xml:12:9-41
23        android:roundIcon="@mipmap/ic_launcher_round"
23-->src/main/AndroidManifest.xml:13:9-54
24        android:supportsRtl="true"
24-->src/main/AndroidManifest.xml:14:9-35
25        android:testOnly="true"
26        android:theme="@style/AppTheme" >
26-->src/main/AndroidManifest.xml:15:9-40
27        <activity android:name="es.iesnervion.avazquez.puntokusapp.activities.SecondMainActivity" />
27-->src/main/AndroidManifest.xml:16:9-17:25
27-->src/main/AndroidManifest.xml:16:19-64
28        <activity android:name="es.iesnervion.avazquez.puntokusapp.activities.AutenticacionActivity" >
28-->src/main/AndroidManifest.xml:18:9-24:20
28-->src/main/AndroidManifest.xml:18:19-67
29            <intent-filter>
29-->src/main/AndroidManifest.xml:19:13-23:29
30                <action android:name="android.intent.action.MAIN" />
30-->src/main/AndroidManifest.xml:20:17-69
30-->src/main/AndroidManifest.xml:20:25-66
31
32                <category android:name="android.intent.category.LAUNCHER" />
32-->src/main/AndroidManifest.xml:22:17-77
32-->src/main/AndroidManifest.xml:22:27-74
33            </intent-filter>
34        </activity>
35        <activity
35-->[com.google.firebase:firebase-auth:16.0.5] AndroidManifest.xml:24:9-31:50
36            android:name="com.google.firebase.auth.internal.FederatedSignInActivity"
36-->[com.google.firebase:firebase-auth:16.0.5] AndroidManifest.xml:25:13-85
37            android:excludeFromRecents="true"
37-->[com.google.firebase:firebase-auth:16.0.5] AndroidManifest.xml:26:13-46
38            android:exported="true"
38-->[com.google.firebase:firebase-auth:16.0.5] AndroidManifest.xml:27:13-36
39            android:launchMode="singleTask"
39-->[com.google.firebase:firebase-auth:16.0.5] AndroidManifest.xml:28:13-44
40            android:permission="com.google.firebase.auth.api.gms.permission.LAUNCH_FEDERATED_SIGN_IN"
40-->[com.google.firebase:firebase-auth:16.0.5] AndroidManifest.xml:29:13-102
41            android:theme="@android:style/Theme.Translucent.NoTitleBar" />
41-->[com.google.firebase:firebase-auth:16.0.5] AndroidManifest.xml:30:13-72
42
43        <service
43-->[com.google.firebase:firebase-auth:16.0.5] AndroidManifest.xml:33:9-39:19
44            android:name="com.google.firebase.components.ComponentDiscoveryService"
44-->[com.google.firebase:firebase-auth:16.0.5] AndroidManifest.xml:34:13-84
45            android:exported="false" >
45-->[com.google.firebase:firebase-auth:16.0.5] AndroidManifest.xml:35:13-37
46            <meta-data
46-->[com.google.firebase:firebase-auth:16.0.5] AndroidManifest.xml:36:13-38:85
47                android:name="com.google.firebase.components:com.google.firebase.auth.FirebaseAuthRegistrar"
47-->[com.google.firebase:firebase-auth:16.0.5] AndroidManifest.xml:37:17-109
48                android:value="com.google.firebase.components.ComponentRegistrar" />
48-->[com.google.firebase:firebase-auth:16.0.5] AndroidManifest.xml:38:17-82
49        </service>
50
51        <activity
51-->[com.google.android.gms:play-services-base:16.0.1] AndroidManifest.xml:23:9-26:75
52            android:name="com.google.android.gms.common.api.GoogleApiActivity"
52-->[com.google.android.gms:play-services-base:16.0.1] AndroidManifest.xml:24:13-79
53            android:exported="false"
53-->[com.google.android.gms:play-services-base:16.0.1] AndroidManifest.xml:25:13-37
54            android:theme="@android:style/Theme.Translucent.NoTitleBar" />
54-->[com.google.android.gms:play-services-base:16.0.1] AndroidManifest.xml:26:13-72
55
56        <provider
56-->[com.google.firebase:firebase-common:16.0.3] AndroidManifest.xml:10:9-14:39
57            android:name="com.google.firebase.provider.FirebaseInitProvider"
57-->[com.google.firebase:firebase-common:16.0.3] AndroidManifest.xml:11:13-77
58            android:authorities="es.iesnervion.avazquez.puntokusapp.firebaseinitprovider"
58-->[com.google.firebase:firebase-common:16.0.3] AndroidManifest.xml:12:13-72
59            android:exported="false"
59-->[com.google.firebase:firebase-common:16.0.3] AndroidManifest.xml:13:13-37
60            android:initOrder="100" />
60-->[com.google.firebase:firebase-common:16.0.3] AndroidManifest.xml:14:13-36
61
62        <meta-data
62-->[com.google.android.gms:play-services-basement:16.1.0] AndroidManifest.xml:23:9-25:69
63            android:name="com.google.android.gms.version"
63-->[com.google.android.gms:play-services-basement:16.1.0] AndroidManifest.xml:24:13-58
64            android:value="@integer/google_play_services_version" />
64-->[com.google.android.gms:play-services-basement:16.1.0] AndroidManifest.xml:25:13-66
65
66        <provider
66-->[androidx.lifecycle:lifecycle-process:2.1.0] AndroidManifest.xml:23:9-27:43
67            android:name="androidx.lifecycle.ProcessLifecycleOwnerInitializer"
67-->[androidx.lifecycle:lifecycle-process:2.1.0] AndroidManifest.xml:24:13-79
68            android:authorities="es.iesnervion.avazquez.puntokusapp.lifecycle-process"
68-->[androidx.lifecycle:lifecycle-process:2.1.0] AndroidManifest.xml:25:13-69
69            android:exported="false"
69-->[androidx.lifecycle:lifecycle-process:2.1.0] AndroidManifest.xml:26:13-37
70            android:multiprocess="true" />
70-->[androidx.lifecycle:lifecycle-process:2.1.0] AndroidManifest.xml:27:13-40
71    </application>
72
73</manifest>